C51 COMPILER V9.60.0.0   MB_HOST                                                           09/27/2023 17:05:15 PAGE 1   


C51 COMPILER V9.60.0.0, COMPILATION OF MODULE MB_HOST
OBJECT MODULE PLACED IN .\OBJ\mb_host.obj
COMPILER INVOKED BY: C:\Keil_C51\C51\BIN\C51.EXE mb_host.c LARGE OMF2 OPTIMIZE(9,SIZE) BROWSE INCDIR(..\USER;..\FUNC_HAN
                    -DLER;..\GUI_APP) DEBUG PRINT(.\OBJ\mb_host.lst) TABS(2) OBJECT(.\OBJ\mb_host.obj)

line level    source

   1          /*
   2           * @Author: xw.qu
   3           * @Date: 2023-08-31 09:22:42
   4           * @LastEditors: xw.qu
   5           * @LastEditTime: 2023-09-26 17:01:27
   6           * @FilePath: \USER\mb_host.c
   7           * @Description:
   8           *
   9           * Copyright (c) 2023 by xw.qu, All Rights Reserved.
  10           */
  11          #include "mb_include.h"
  12          #include "string.h"
  13          #include "T5lOS8051.h"
  14          unsigned char mbhRecTimeout;
  15          mbHost_T mbHost;
  16          // unsigned char retransmission_time;
  17          
  18          // modbusÂàùÂßãÂåñ
  19          void mbh_init(unsigned long baud, unsigned char parity)
  20          {
  21   1        mb_port_uartInit(baud, parity);
  22   1        mb_port_timerInit(baud);
  23   1      }
  24          unsigned char mbh_getState(void)
  25          {
  26   1        return mbHost.state;
  27   1      }
  28          
  29          // ÂèëÈÄÅ‰∏ÄÂ∏ßÂëΩ‰ª§
  30          char mbh_send(unsigned char add, unsigned char cmd, unsigned char *dat, unsigned short data_len)
  31          {
  32   1        unsigned short crc = 0;
  33   1        //  USER_PRINTF("%bd\n",mbHost.state);
  34   1        //  if(mbHost.state!=MBH_STATE_IDLE)return -1; //busy state
  35   1      
  36   1        mbHost.txCounter = 0;
  37   1        mbHost.rxCounter = 0;
  38   1        mbHost.errTimes = 0;
  39   1        mbHost.txBuf[0] = add;
  40   1        mbHost.txBuf[1] = cmd;
  41   1        memcpy((mbHost.txBuf + 2), dat, data_len);
  42   1        mbHost.txLen = data_len + 2; // data(n)+add(1)+cmd(1)
  43   1        USER_PRINTF("TX LEN %d\n",mbHost.txLen);
  44   1        crc = mb_crc16(mbHost.txBuf, mbHost.txLen);
  45   1        mbHost.txBuf[mbHost.txLen++] = (unsigned char)(crc & 0xff);
  46   1        mbHost.txBuf[mbHost.txLen++] = (unsigned char)(crc >> 8);
  47   1      
  48   1        mbHost.state = MBH_STATE_TX;
  49   1        mb_port_uartEnable(1, 0); // enable tx,disable rx
  50   1      
  51   1        // printf("%d ", mbHost.txLen);
  52   1        /*ÂΩìÊâìÂºÄTXE‰∏≠Êñ≠‰ª•ÂêéÔºåÁ´ãÈ©¨Â∞±‰ºöËß¶Âèë‰∏ÄÊ¨°ÔºåÊâÄ‰ª•ËøôÈáå‰∏çÁî®ÂÖàÂèëÈÄÅ‰∏Ä‰∏™byte*/
  53   1        //  mb_port_putchar(mbHost.txBuf[mbHost.txCounter++]); //send first char,then enter tx isr
  54   1        return 0;
C51 COMPILER V9.60.0.0   MB_HOST                                                           09/27/2023 17:05:15 PAGE 2   

  55   1      }
  56          // Êé•Êî∂Ê≠£Á°Æ,ËøõË°åËß£ÊûêÂ§ÑÁêÜ
  57          void mbh_exec(unsigned char *pframe, unsigned *len)
  58          {
  59   1        unsigned short datalen = *len - 2;
  60   1        switch (pframe[1]) // cmd
  61   1        {
  62   2        case 1:
  63   2          mbh_hook_rec01(pframe[0], (pframe + 2), &datalen);
  64   2          break;
  65   2        case 2:
  66   2          mbh_hook_rec02(pframe[0], (pframe + 2), &datalen);
  67   2          break;
  68   2        case 3:
  69   2          mbh_hook_rec03(pframe[0], (pframe + 2), &datalen);
  70   2          break;
  71   2        case 4:
  72   2          mbh_hook_rec04(pframe[0], (pframe + 2), &datalen);
  73   2          break;
  74   2        case 5:
  75   2          mbh_hook_rec05(pframe[0], (pframe + 2), &datalen);
  76   2          break;
  77   2        case 6:
  78   2          mbh_hook_rec06(pframe[0], (pframe + 2), &datalen);
  79   2          break;
  80   2        case 15:
  81   2          mbh_hook_rec15(pframe[0], (pframe + 2), &datalen);
  82   2          break;
  83   2        case 16:
  84   2          mbh_hook_rec16(pframe[0], (pframe + 2), &datalen);
  85   2          break;
  86   2        }
  87   1      }
  88          void mbh_poll()
  89          {
  90   1      
  91   1        switch (mbHost.state)
  92   1        {
  93   2        /*Êé•Êî∂ÂÆå‰∏ÄÂ∏ßÊï∞ÊçÆ,ÂºÄÂßãËøõË°åÊ†°È™å*/
  94   2        case MBH_STATE_RX_CHECK: // Êé•Êî∂ÂÆåÊàêÔºåÂØπ‰∏ÄÂ∏ßÊï∞ÊçÆËøõË°åÊ£ÄÊü•
  95   2          //      USER_PRINTF("STATE--MBH_STATE_RX_CHECK\n");
  96   2          if ((mbHost.rxCounter >= MBH_RTU_MIN_SIZE) && (mb_crc16(mbHost.rxBuf, mbHost.rxCounter) == 0)) // Êé•Êî∂
             -ÁöÑ‰∏ÄÂ∏ßÊï∞ÊçÆÊ≠£Á°Æ
  97   2          {
  98   3            //        USER_PRINTF("%bd\n",mbHost.state);
  99   3            if (((mbHost.txBuf[0] == mbHost.rxBuf[0]) && (mbHost.txBuf[1] == mbHost.rxBuf[1]))) // ÂèëÈÄÅÂ∏ßÊï∞ÊçÆÂ
             -íåÊé•Êî∂Âà∞ÁöÑÂ∏ßÊï∞ÊçÆÂú∞ÂùÄÂíåÂäüËÉΩÁ†Å‰∏ÄÊ†∑
 100   3            {
 101   4      
 102   4              mbHost.state = MBH_STATE_EXEC;
 103   4            }
 104   3            else
 105   3            {
 106   4              mbHost.state = MBH_STATE_REC_ERR;
 107   4              mbHost.re_send_time = MBH_RESEND_TIME;
 108   4              //          USER_PRINTF("-->check_error\n");
 109   4            }
 110   3          }
 111   2          else
 112   2          {
 113   3            mbHost.state = MBH_STATE_REC_ERR;
 114   3            USER_PRINTF("-->check_error\n");
C51 COMPILER V9.60.0.0   MB_HOST                                                           09/27/2023 17:05:15 PAGE 3   

 115   3            ;
 116   3          }
 117   2          break;
 118   2        /*Êé•Êî∂‰∏ÄÂ∏ßÊï∞ÊçÆÂá∫Èîô*/
 119   2        case MBH_STATE_REC_ERR:
 120   2      
 121   2          //      retransmission_time++;
 122   2          //      if(retransmission_time>50000)
 123   2          //      {
 124   2          //        retransmission_time = 0;
 125   2      
 126   2          //      }
 127   2          mbHost.scene_send_cyc_time = MBH_CYC_TIME;
 128   2          if (0 == mbHost.re_send_time)
 129   2          {
 130   3            mbHost.errTimes++;
 131   3            if (mbHost.errTimes >= MBH_ERR_MAX_TIMES)
 132   3            {
 133   4              mbHost.state = MBH_STATE_TIMES_ERR;
 134   4            }
 135   3            else // ÈáçÊñ∞ÂÜçÂêØÂä®‰∏ÄÊ¨°‰º†Ëæì
 136   3            {
 137   4              mbHost.txCounter = 0;
 138   4              mbHost.rxCounter = 0;
 139   4              mbHost.state = MBH_STATE_TX;
 140   4      
 141   4              mb_port_uartEnable(1, 0); // enable tx,disable rx
 142   4            }
 143   3            USER_PRINTF("STATE--MBH_STATE_REC_ERR\n");
 144   3          }
 145   2          //      USER_PRINTF("mbHost.errTimes-->>%bd\n",mbHost.errTimes);
 146   2          break;
 147   2        /*Ë∂ÖËøáÊúÄÂ§ßÈîôËØØ‰º†ËæìÊ¨°Êï∞*/
 148   2        case MBH_STATE_TIMES_ERR:
 149   2          USER_PRINTF("STATE--MBH_STATE_TIMES_ERR\n");
 150   2          mbh_hook_timesErr(mbHost.txBuf[0], mbHost.txBuf[1]);
 151   2          mbHost.txCounter = 0;
 152   2          mbHost.rxCounter = 0;
 153   2          //      mbHost.re_send_time = MBH_RESEND_TIME;
 154   2          //      USER_PRINTF("%bd\n",mbHost.state);
 155   2          break;
 156   2        /*Á°ÆÂÆöÊé•Êî∂Ê≠£Á°ÆÊâßË°åÂõûË∞É*/
 157   2        case MBH_STATE_EXEC: // ‰∏ªÊú∫ÂèëÈÄÅÊé•Êî∂ÂÆåÊàêÔºåÊâßË°åÂõûË∞É
 158   2          USER_PRINTF("STATE--MBH_STATE_EXEC\n");
 159   2          mbh_exec(mbHost.rxBuf, &mbHost.rxCounter);
 160   2          mbHost.state = MBH_STATE_IDLE;
 161   2          mbHost.scene_send_cyc_time = 200;
 162   2          //      USER_PRINTF("%bd\n",mbHost.state);
 163   2          break;
 164   2        }
 165   1      }
 166          
 167          void mbh_timer3T5Isr()
 168          {
 169   1        switch (mbHost.state)
 170   1        {
 171   2        /*ÂèëÈÄÅÂÆå‰ΩÜÊ≤°ÊúâÊé•Êî∂Âà∞Êï∞ÊçÆ*/
 172   2        case MBH_STATE_TX_END:
 173   2          //      USER_PRINTF("--->RxISR_MBH_STATE_TX_END\n");
 174   2          //      if(1 == mbHost.recDataFlag)
 175   2          //      {
 176   2          mbHost.rxTimeOut--;
C51 COMPILER V9.60.0.0   MB_HOST                                                           09/27/2023 17:05:15 PAGE 4   

 177   2          //      }
 178   2          if (mbHost.rxTimeOut == 0) // Êé•Êî∂Ë∂ÖÊó∂
 179   2          {
 180   3            mbHost.rxTimeOut = MBH_REC_TIMEOUT;
 181   3            mbHost.state = MBH_STATE_REC_ERR;
 182   3            mbHost.re_send_time = MBH_RESEND_TIME;
 183   3            //        USER_PRINTF("-->rec time out\n");
 184   3            //        mb_port_timerDisable();   //ÂÖ≥Èó≠ÂÆöÊó∂Âô®
 185   3            //        mbHost.recDataFlag = 0;
 186   3            //        mb_port_uartEnable(0,0);  //‰∏≤Âè£tx„ÄÅrxÈÉΩÂÖ≥Èó≠
 187   3          }
 188   2          break;
 189   2        case MBH_STATE_RX: // 3.5TÂà∞,Êé•Êî∂‰∏ÄÂ∏ßÂÆåÊàê
 190   2          if (mbHost.rxTimeOut != 0 && --mbHost.rxTimeOut == 0)
 191   2          {
 192   3            mbHost.state = MBH_STATE_RX_CHECK;
 193   3            mbHost.re_send_time = 0;
 194   3            //        mbHost.recDataFlag = 0;
 195   3            //        mbHost.rxTimeOut = 0;
 196   3            //        mb_port_timerDisable();   //ÂÖ≥Èó≠ÂÆöÊó∂Âô®
 197   3            //        mb_port_uartEnable(0,0);  //‰∏≤Âè£tx„ÄÅrxÈÉΩÂÖ≥Èó≠
 198   3          }
 199   2          break;
 200   2        }
 201   1      }
 202          void mbh_uartRxIsr()
 203          {
 204   1        unsigned char ch;
 205   1        mb_port_getchar(&ch);
 206   1        switch (mbHost.state)
 207   1        {
 208   2        case MBH_STATE_TX_END:
 209   2          mbHost.rxCounter = 0;
 210   2          mbHost.rxBuf[mbHost.rxCounter++] = ch;
 211   2          mbHost.state = MBH_STATE_RX;
 212   2          mb_port_timerEnable();
 213   2          break;
 214   2        case MBH_STATE_RX:
 215   2          if (mbHost.rxCounter < MBH_RTU_MAX_SIZE)
 216   2          {
 217   3            mbHost.rxBuf[mbHost.rxCounter++] = ch;
 218   3          }
 219   2          mb_port_timerEnable();
 220   2          mbHost.rxTimeOut = mbhRecTimeout;
 221   2          break;
 222   2        default:
 223   2          if (mbHost.rxCounter < MBH_RTU_MAX_SIZE)
 224   2          {
 225   3            mbHost.rxBuf[mbHost.rxCounter++] = ch;
 226   3          }
 227   2          mb_port_timerEnable();
 228   2          break;
 229   2        }
 230   1      }
 231          void mbh_uartTxIsr()
 232          {
 233   1        switch (mbHost.state)
 234   1        {
 235   2        case MBH_STATE_TX:
 236   2          if (mbHost.txCounter == mbHost.txLen) // ÂÖ®ÈÉ®ÂèëÈÄÅÂÆå
 237   2          {
 238   3            mbHost.state = MBH_STATE_TX_END;
C51 COMPILER V9.60.0.0   MB_HOST                                                           09/27/2023 17:05:15 PAGE 5   

 239   3            mb_port_uartEnable(0, 1); // disable tx,enable rx
 240   3            mbHost.rxTimeOut = 0;     // Ê∏ÖÈô§Êé•Êî∂Ë∂ÖÊó∂ËÆ°Êï∞
 241   3            mb_port_timerEnable();    // open timer
 242   3            mb_set_receive_state();
 243   3          }
 244   2          else
 245   2          {
 246   3            if (0 == time_scene_var.send_delay_time)
 247   3            {
 248   4              if (mbHost.rxCounter)
 249   4              {
 250   5                mbHost.rxCounter = 0;
 251   5                time_scene_var.send_delay_time = 50;
 252   5              }
 253   4              mb_port_putchar(mbHost.txBuf[mbHost.txCounter++]);
 254   4            }
 255   3          }
 256   2      
 257   2          break;
 258   2        case MBH_STATE_TX_END:
 259   2          //      USER_PRINTF("--->TxISR_MBH_STATE_TX_END\n");
 260   2          //      mbHost.re_send_time = MBH_RESEND_TIME;
 261   2          mb_port_uartEnable(0, 1); // disable tx,enable rx
 262   2          break;
 263   2        }
 264   1      }
 265          void clear_mbh_rec_one_frame_sta(void)
 266          {
 267   1        mbHost.receive_frame_state = 0;
 268   1      }
 269          unsigned char get_mbh_rec_one_frame_sta(void)
 270          {
 271   1        if ((mbHost.rxCounter >= MBH_RTU_MIN_SIZE) && (mb_crc16(mbHost.rxBuf, mbHost.rxCounter) == 0))
 272   1        {
 273   2          mbHost.receive_frame_state = 1;
 274   2      
 275   2          mbHost.rxCounter = 0;
 276   2        }
 277   1        return mbHost.receive_frame_state;
 278   1      }


MODULE INFORMATION:   STATIC OVERLAYABLE
   CODE SIZE        =   1097    ----
   CONSTANT SIZE    =    104    ----
   XDATA SIZE       =   2065      21
   PDATA SIZE       =   ----    ----
   DATA SIZE        =   ----    ----
   IDATA SIZE       =   ----    ----
   BIT SIZE         =   ----    ----
   EDATA SIZE       =   ----    ----
   HDATA SIZE       =   ----    ----
   XDATA CONST SIZE =   ----    ----
   FAR CONST SIZE   =   ----    ----
END OF MODULE INFORMATION.


C51 COMPILATION COMPLETE.  0 WARNING(S),  0 ERROR(S)
